# JRE version: OpenJDK Runtime Environment Corretto-17.0.4.8.1 (17.0.4+8) (build 17.0.4+8-LTS)
# Java VM: OpenJDK 64-Bit Server VM Corretto-17.0.4.8.1 (17.0.4+8-LTS, mixed mode, sharing, tiered, compressed oops, compressed class ptrs, g1 gc, windows-amd64)
GC Precious Log:
 CPUs: 8 total, 8 available
 Memory: 16240M
 Large Page Support: Disabled
 NUMA Support: Disabled
 Compressed Oops: Enabled (32-bit)
 Heap Region Size: 1M
 Heap Min Capacity: 8M
 Heap Initial Capacity: 254M
 Heap Max Capacity: 512M
 Pre-touch: Disabled
 Parallel Workers: 8
 Concurrent Workers: 2
 Concurrent Refinement Workers: 8
 Periodic GC: Disabled
Heap:
 garbage-first heap   total 96256K, used 68068K [0x00000000e0000000, 0x0000000100000000)
  region size 1024K, 8 young (8192K), 2 survivors (2048K)
 Metaspace       used 100936K, committed 101632K, reserved 1138688K
  class space    used 13807K, committed 14144K, reserved 1048576K
GC Heap History (20 events):
Event: 44.357 GC heap before
{Heap before GC invocations=53 (full 0):
 garbage-first heap   total 96256K, used 80924K [0x00000000e0000000, 0x0000000100000000)
  region size 1024K, 27 young (27648K), 1 survivors (1024K)
 Metaspace       used 98942K, committed 99648K, reserved 1138688K
  class space    used 13619K, committed 13952K, reserved 1048576K
}
Event: 44.361 GC heap after
{Heap after GC invocations=54 (full 0):
 garbage-first heap   total 96256K, used 54382K [0x00000000e0000000, 0x0000000100000000)
  region size 1024K, 1 young (1024K), 1 survivors (1024K)
 Metaspace       used 98942K, committed 99648K, reserved 1138688K
  class space    used 13619K, committed 13952K, reserved 1048576K
}
Event: 46.139 GC heap before
{Heap before GC invocations=55 (full 0):
 garbage-first heap   total 96256K, used 81006K [0x00000000e0000000, 0x0000000100000000)
  region size 1024K, 27 young (27648K), 1 survivors (1024K)
 Metaspace       used 99599K, committed 100288K, reserved 1138688K
  class space    used 13667K, committed 14016K, reserved 1048576K
}
Event: 46.143 GC heap after
{Heap after GC invocations=56 (full 0):
 garbage-first heap   total 96256K, used 54741K [0x00000000e0000000, 0x0000000100000000)
  region size 1024K, 1 young (1024K), 1 survivors (1024K)
 Metaspace       used 99599K, committed 100288K, reserved 1138688K
  class space    used 13667K, committed 14016K, reserved 1048576K
}
Event: 46.294 GC heap before
{Heap before GC invocations=56 (full 0):
 garbage-first heap   total 96256K, used 57813K [0x00000000e0000000, 0x0000000100000000)
  region size 1024K, 4 young (4096K), 1 survivors (1024K)
 Metaspace       used 99701K, committed 100352K, reserved 1138688K
  class space    used 13670K, committed 14016K, reserved 1048576K
}
Event: 46.298 GC heap after
{Heap after GC invocations=57 (full 0):
 garbage-first heap   total 96256K, used 54304K [0x00000000e0000000, 0x0000000100000000)
  region size 1024K, 1 young (1024K), 1 survivors (1024K)
 Metaspace       used 99701K, committed 100352K, reserved 1138688K
  class space    used 13670K, committed 14016K, reserved 1048576K
}
Event: 47.157 GC heap before
{Heap before GC invocations=57 (full 0):
 garbage-first heap   total 96256K, used 81952K [0x00000000e0000000, 0x0000000100000000)
  region size 1024K, 28 young (28672K), 1 survivors (1024K)
 Metaspace       used 99864K, committed 100544K, reserved 1138688K
  class space    used 13677K, committed 14016K, reserved 1048576K
}
Event: 47.161 GC heap after
{Heap after GC invocations=58 (full 0):
 garbage-first heap   total 96256K, used 56988K [0x00000000e0000000, 0x0000000100000000)
  region size 1024K, 4 young (4096K), 4 survivors (4096K)
 Metaspace       used 99864K, committed 100544K, reserved 1138688K
  class space    used 13677K, committed 14016K, reserved 1048576K
}
Event: 47.806 GC heap before
{Heap before GC invocations=58 (full 0):
 garbage-first heap   total 96256K, used 79516K [0x00000000e0000000, 0x0000000100000000)
  region size 1024K, 26 young (26624K), 4 survivors (4096K)
 Metaspace       used 99958K, committed 100672K, reserved 1138688K
  class space    used 13678K, committed 14016K, reserved 1048576K
}
Event: 47.811 GC heap after
{Heap after GC invocations=59 (full 0):
 garbage-first heap   total 96256K, used 58195K [0x00000000e0000000, 0x0000000100000000)
  region size 1024K, 2 young (2048K), 2 survivors (2048K)
 Metaspace       used 99958K, committed 100672K, reserved 1138688K
  class space    used 13678K, committed 14016K, reserved 1048576K
}
Event: 49.812 GC heap before
{Heap before GC invocations=59 (full 0):
 garbage-first heap   total 96256K, used 79699K [0x00000000e0000000, 0x0000000100000000)
  region size 1024K, 23 young (23552K), 2 survivors (2048K)
 Metaspace       used 100635K, committed 101376K, reserved 1138688K
  class space    used 13778K, committed 14144K, reserved 1048576K
}
Event: 49.818 GC heap after
{Heap after GC invocations=60 (full 0):
 garbage-first heap   total 96256K, used 59519K [0x00000000e0000000, 0x0000000100000000)
  region size 1024K, 3 young (3072K), 3 survivors (3072K)
 Metaspace       used 100635K, committed 101376K, reserved 1138688K
  class space    used 13778K, committed 14144K, reserved 1048576K
}
Event: 50.850 GC heap before
{Heap before GC invocations=60 (full 0):
 garbage-first heap   total 96256K, used 79999K [0x00000000e0000000, 0x0000000100000000)
  region size 1024K, 23 young (23552K), 3 survivors (3072K)
 Metaspace       used 100897K, committed 101568K, reserved 1138688K
  class space    used 13803K, committed 14144K, reserved 1048576K
}
Event: 50.856 GC heap after
{Heap after GC invocations=61 (full 0):
 garbage-first heap   total 96256K, used 61243K [0x00000000e0000000, 0x0000000100000000)
  region size 1024K, 2 young (2048K), 2 survivors (2048K)
 Metaspace       used 100897K, committed 101568K, reserved 1138688K
  class space    used 13803K, committed 14144K, reserved 1048576K
}
Event: 51.590 GC heap before
{Heap before GC invocations=61 (full 0):
 garbage-first heap   total 96256K, used 79675K [0x00000000e0000000, 0x0000000100000000)
  region size 1024K, 20 young (20480K), 2 survivors (2048K)
 Metaspace       used 100913K, committed 101568K, reserved 1138688K
  class space    used 13804K, committed 14144K, reserved 1048576K
}
Event: 51.594 GC heap after
{Heap after GC invocations=62 (full 0):
 garbage-first heap   total 96256K, used 61974K [0x00000000e0000000, 0x0000000100000000)
  region size 1024K, 3 young (3072K), 3 survivors (3072K)
 Metaspace       used 100913K, committed 101568K, reserved 1138688K
  class space    used 13804K, committed 14144K, reserved 1048576K
}
Event: 52.078 GC heap before
{Heap before GC invocations=62 (full 0):
 garbage-first heap   total 96256K, used 80406K [0x00000000e0000000, 0x0000000100000000)
  region size 1024K, 21 young (21504K), 3 survivors (3072K)
 Metaspace       used 100915K, committed 101568K, reserved 1138688K
  class space    used 13804K, committed 14144K, reserved 1048576K
}
Event: 52.081 GC heap after
{Heap after GC invocations=63 (full 0):
 garbage-first heap   total 96256K, used 62581K [0x00000000e0000000, 0x0000000100000000)
  region size 1024K, 2 young (2048K), 2 survivors (2048K)
 Metaspace       used 100915K, committed 101568K, reserved 1138688K
  class space    used 13804K, committed 14144K, reserved 1048576K
}
Event: 52.482 GC heap before
{Heap before GC invocations=63 (full 0):
 garbage-first heap   total 96256K, used 81013K [0x00000000e0000000, 0x0000000100000000)
  region size 1024K, 20 young (20480K), 2 survivors (2048K)
 Metaspace       used 100929K, committed 101632K, reserved 1138688K
  class space    used 13806K, committed 14144K, reserved 1048576K
}
Event: 52.487 GC heap after
{Heap after GC invocations=64 (full 0):
 garbage-first heap   total 96256K, used 62948K [0x00000000e0000000, 0x0000000100000000)
  region size 1024K, 2 young (2048K), 2 survivors (2048K)
 Metaspace       used 100929K, committed 101632K, reserved 1138688K
  class space    used 13806K, committed 14144K, reserved 1048576K
}

