# JRE version: Java(TM) SE Runtime Environment (18.0.1.1+2) (build 18.0.1.1+2-6)
# Java VM: Java HotSpot(TM) 64-Bit Server VM (18.0.1.1+2-6, mixed mode, sharing, tiered, compressed oops, compressed class ptrs, g1 gc, windows-amd64)
GC Precious Log:
 CardTable entry size: 512
 Card Set container configuration: InlinePtr #cards 5 size 8 Array Of Cards #cards 12 size 40 Howl #buckets 4 coarsen threshold 1843 Howl Bitmap #cards 512 size 80 coarsen threshold 460 Card regions per heap region 1 cards per card region 2048
 CPUs: 8 total, 8 available
 Memory: 16240M
 Large Page Support: Disabled
 NUMA Support: Disabled
 Compressed Oops: Enabled (32-bit)
 Heap Region Size: 1M
 Heap Min Capacity: 256M
 Heap Initial Capacity: 256M
 Heap Max Capacity: 512M
 Pre-touch: Disabled
 Parallel Workers: 8
 Concurrent Workers: 2
 Concurrent Refinement Workers: 8
 Periodic GC: Disabled
Heap:
 garbage-first heap   total 262144K, used 131460K [0x00000000e0000000, 0x0000000100000000)
  region size 1024K, 21 young (21504K), 6 survivors (6144K)
 Metaspace       used 65007K, committed 67200K, reserved 380928K
  class space    used 9069K, committed 10240K, reserved 315392K
GC Heap History (20 events):
Event: 6.785 GC heap before
{Heap before GC invocations=3 (full 0):
 garbage-first heap   total 262144K, used 43697K [0x00000000e0000000, 0x0000000100000000)
  region size 1024K, 33 young (33792K), 11 survivors (11264K)
 Metaspace       used 20890K, committed 21504K, reserved 380928K
  class space    used 3020K, committed 3328K, reserved 315392K
}
Event: 6.794 GC heap after
{Heap after GC invocations=4 (full 0):
 garbage-first heap   total 262144K, used 23972K [0x00000000e0000000, 0x0000000100000000)
  region size 1024K, 12 young (12288K), 12 survivors (12288K)
 Metaspace       used 20890K, committed 21504K, reserved 380928K
  class space    used 3020K, committed 3328K, reserved 315392K
}
Event: 9.299 GC heap before
{Heap before GC invocations=5 (full 0):
 garbage-first heap   total 262144K, used 132516K [0x00000000e0000000, 0x0000000100000000)
  region size 1024K, 120 young (122880K), 12 survivors (12288K)
 Metaspace       used 34766K, committed 35968K, reserved 380928K
  class space    used 4972K, committed 5632K, reserved 315392K
}
Event: 9.318 GC heap after
{Heap after GC invocations=6 (full 0):
 garbage-first heap   total 262144K, used 31892K [0x00000000e0000000, 0x0000000100000000)
  region size 1024K, 10 young (10240K), 10 survivors (10240K)
 Metaspace       used 34766K, committed 35968K, reserved 380928K
  class space    used 4972K, committed 5632K, reserved 315392K
}
Event: 13.385 GC heap before
{Heap before GC invocations=7 (full 0):
 garbage-first heap   total 262144K, used 184468K [0x00000000e0000000, 0x0000000100000000)
  region size 1024K, 153 young (156672K), 10 survivors (10240K)
 Metaspace       used 49822K, committed 51520K, reserved 380928K
  class space    used 7155K, committed 8064K, reserved 315392K
}
Event: 13.403 GC heap after
{Heap after GC invocations=8 (full 0):
 garbage-first heap   total 262144K, used 39602K [0x00000000e0000000, 0x0000000100000000)
  region size 1024K, 18 young (18432K), 18 survivors (18432K)
 Metaspace       used 49822K, committed 51520K, reserved 380928K
  class space    used 7155K, committed 8064K, reserved 315392K
}
Event: 18.044 GC heap before
{Heap before GC invocations=8 (full 0):
 garbage-first heap   total 262144K, used 176818K [0x00000000e0000000, 0x0000000100000000)
  region size 1024K, 153 young (156672K), 18 survivors (18432K)
 Metaspace       used 57998K, committed 59904K, reserved 380928K
  class space    used 8361K, committed 9344K, reserved 315392K
}
Event: 18.073 GC heap after
{Heap after GC invocations=9 (full 0):
 garbage-first heap   total 262144K, used 52818K [0x00000000e0000000, 0x0000000100000000)
  region size 1024K, 20 young (20480K), 20 survivors (20480K)
 Metaspace       used 57998K, committed 59904K, reserved 380928K
  class space    used 8361K, committed 9344K, reserved 315392K
}
Event: 18.284 GC heap before
{Heap before GC invocations=9 (full 0):
 garbage-first heap   total 262144K, used 61010K [0x00000000e0000000, 0x0000000100000000)
  region size 1024K, 29 young (29696K), 20 survivors (20480K)
 Metaspace       used 58190K, committed 60096K, reserved 380928K
  class space    used 8367K, committed 9344K, reserved 315392K
}
Event: 18.306 GC heap after
{Heap after GC invocations=10 (full 0):
 garbage-first heap   total 262144K, used 56544K [0x00000000e0000000, 0x0000000100000000)
  region size 1024K, 4 young (4096K), 4 survivors (4096K)
 Metaspace       used 58190K, committed 60096K, reserved 380928K
  class space    used 8367K, committed 9344K, reserved 315392K
}
Event: 21.200 GC heap before
{Heap before GC invocations=11 (full 0):
 garbage-first heap   total 262144K, used 202976K [0x00000000e0000000, 0x0000000100000000)
  region size 1024K, 147 young (150528K), 4 survivors (4096K)
 Metaspace       used 59921K, committed 61952K, reserved 380928K
  class space    used 8473K, committed 9536K, reserved 315392K
}
Event: 21.217 GC heap after
{Heap after GC invocations=12 (full 0):
 garbage-first heap   total 262144K, used 69777K [0x00000000e0000000, 0x0000000100000000)
  region size 1024K, 17 young (17408K), 17 survivors (17408K)
 Metaspace       used 59921K, committed 61952K, reserved 380928K
  class space    used 8473K, committed 9536K, reserved 315392K
}
Event: 23.546 GC heap before
{Heap before GC invocations=12 (full 0):
 garbage-first heap   total 262144K, used 201873K [0x00000000e0000000, 0x0000000100000000)
  region size 1024K, 146 young (149504K), 17 survivors (17408K)
 Metaspace       used 60697K, committed 62720K, reserved 380928K
  class space    used 8479K, committed 9536K, reserved 315392K
}
Event: 23.588 GC heap after
{Heap after GC invocations=13 (full 0):
 garbage-first heap   total 262144K, used 77639K [0x00000000e0000000, 0x0000000100000000)
  region size 1024K, 8 young (8192K), 8 survivors (8192K)
 Metaspace       used 60697K, committed 62720K, reserved 380928K
  class space    used 8479K, committed 9536K, reserved 315392K
}
Event: 57.554 GC heap before
{Heap before GC invocations=13 (full 0):
 garbage-first heap   total 262144K, used 205639K [0x00000000e0000000, 0x0000000100000000)
  region size 1024K, 134 young (137216K), 8 survivors (8192K)
 Metaspace       used 62733K, committed 64832K, reserved 380928K
  class space    used 8796K, committed 9856K, reserved 315392K
}
Event: 57.576 GC heap after
{Heap after GC invocations=14 (full 0):
 garbage-first heap   total 262144K, used 94535K [0x00000000e0000000, 0x0000000100000000)
  region size 1024K, 17 young (17408K), 17 survivors (17408K)
 Metaspace       used 62733K, committed 64832K, reserved 380928K
  class space    used 8796K, committed 9856K, reserved 315392K
}
Event: 69.899 GC heap before
{Heap before GC invocations=14 (full 0):
 garbage-first heap   total 262144K, used 204103K [0x00000000e0000000, 0x0000000100000000)
  region size 1024K, 123 young (125952K), 17 survivors (17408K)
 Metaspace       used 63683K, committed 65792K, reserved 380928K
  class space    used 8905K, committed 9984K, reserved 315392K
}
Event: 69.936 GC heap after
{Heap after GC invocations=15 (full 0):
 garbage-first heap   total 262144K, used 114063K [0x00000000e0000000, 0x0000000100000000)
  region size 1024K, 16 young (16384K), 16 survivors (16384K)
 Metaspace       used 63683K, committed 65792K, reserved 380928K
  class space    used 8905K, committed 9984K, reserved 315392K
}
Event: 116.323 GC heap before
{Heap before GC invocations=15 (full 0):
 garbage-first heap   total 262144K, used 202127K [0x00000000e0000000, 0x0000000100000000)
  region size 1024K, 101 young (103424K), 16 survivors (16384K)
 Metaspace       used 64978K, committed 67200K, reserved 380928K
  class space    used 9068K, committed 10240K, reserved 315392K
}
Event: 116.342 GC heap after
{Heap after GC invocations=16 (full 0):
 garbage-first heap   total 262144K, used 117124K [0x00000000e0000000, 0x0000000100000000)
  region size 1024K, 6 young (6144K), 6 survivors (6144K)
 Metaspace       used 64978K, committed 67200K, reserved 380928K
  class space    used 9068K, committed 10240K, reserved 315392K
}

