# JRE version: OpenJDK Runtime Environment Corretto-17.0.4.8.1 (17.0.4+8) (build 17.0.4+8-LTS)
# Java VM: OpenJDK 64-Bit Server VM Corretto-17.0.4.8.1 (17.0.4+8-LTS, mixed mode, sharing, tiered, compressed oops, compressed class ptrs, g1 gc, windows-amd64)
GC Precious Log:
 CPUs: 8 total, 8 available
 Memory: 16240M
 Large Page Support: Disabled
 NUMA Support: Disabled
 Compressed Oops: Enabled (32-bit)
 Heap Region Size: 1M
 Heap Min Capacity: 8M
 Heap Initial Capacity: 254M
 Heap Max Capacity: 512M
 Pre-touch: Disabled
 Parallel Workers: 8
 Concurrent Workers: 2
 Concurrent Refinement Workers: 8
 Periodic GC: Disabled
Heap:
 garbage-first heap   total 71680K, used 47589K [0x00000000e0000000, 0x0000000100000000)
  region size 1024K, 14 young (14336K), 3 survivors (3072K)
 Metaspace       used 69487K, committed 70016K, reserved 1114112K
  class space    used 9590K, committed 9856K, reserved 1048576K
GC Heap History (20 events):
Event: 7.801 GC heap before
{Heap before GC invocations=8 (full 0):
 garbage-first heap   total 71680K, used 47616K [0x00000000e0000000, 0x0000000100000000)
  region size 1024K, 24 young (24576K), 2 survivors (2048K)
 Metaspace       used 35763K, committed 36096K, reserved 1081344K
  class space    used 4754K, committed 4928K, reserved 1048576K
}
Event: 7.807 GC heap after
{Heap after GC invocations=9 (full 0):
 garbage-first heap   total 71680K, used 27112K [0x00000000e0000000, 0x0000000100000000)
  region size 1024K, 3 young (3072K), 3 survivors (3072K)
 Metaspace       used 35763K, committed 36096K, reserved 1081344K
  class space    used 4754K, committed 4928K, reserved 1048576K
}
Event: 9.238 GC heap before
{Heap before GC invocations=10 (full 0):
 garbage-first heap   total 71680K, used 52712K [0x00000000e0000000, 0x0000000100000000)
  region size 1024K, 29 young (29696K), 3 survivors (3072K)
 Metaspace       used 38397K, committed 38848K, reserved 1089536K
  class space    used 5120K, committed 5312K, reserved 1048576K
}
Event: 9.246 GC heap after
{Heap after GC invocations=11 (full 0):
 garbage-first heap   total 71680K, used 28734K [0x00000000e0000000, 0x0000000100000000)
  region size 1024K, 3 young (3072K), 3 survivors (3072K)
 Metaspace       used 38397K, committed 38848K, reserved 1089536K
  class space    used 5120K, committed 5312K, reserved 1048576K
}
Event: 10.853 GC heap before
{Heap before GC invocations=11 (full 0):
 garbage-first heap   total 71680K, used 54334K [0x00000000e0000000, 0x0000000100000000)
  region size 1024K, 28 young (28672K), 3 survivors (3072K)
 Metaspace       used 41927K, committed 42304K, reserved 1089536K
  class space    used 5583K, committed 5760K, reserved 1048576K
}
Event: 10.863 GC heap after
{Heap after GC invocations=12 (full 0):
 garbage-first heap   total 71680K, used 30626K [0x00000000e0000000, 0x0000000100000000)
  region size 1024K, 4 young (4096K), 4 survivors (4096K)
 Metaspace       used 41927K, committed 42304K, reserved 1089536K
  class space    used 5583K, committed 5760K, reserved 1048576K
}
Event: 12.104 GC heap before
{Heap before GC invocations=12 (full 0):
 garbage-first heap   total 71680K, used 55202K [0x00000000e0000000, 0x0000000100000000)
  region size 1024K, 28 young (28672K), 4 survivors (4096K)
 Metaspace       used 45821K, committed 46336K, reserved 1089536K
  class space    used 6159K, committed 6400K, reserved 1048576K
}
Event: 12.112 GC heap after
{Heap after GC invocations=13 (full 0):
 garbage-first heap   total 71680K, used 31410K [0x00000000e0000000, 0x0000000100000000)
  region size 1024K, 3 young (3072K), 3 survivors (3072K)
 Metaspace       used 45821K, committed 46336K, reserved 1089536K
  class space    used 6159K, committed 6400K, reserved 1048576K
}
Event: 13.629 GC heap before
{Heap before GC invocations=13 (full 0):
 garbage-first heap   total 71680K, used 54962K [0x00000000e0000000, 0x0000000100000000)
  region size 1024K, 27 young (27648K), 3 survivors (3072K)
 Metaspace       used 50819K, committed 51264K, reserved 1097728K
  class space    used 6868K, committed 7040K, reserved 1048576K
}
Event: 13.635 GC heap after
{Heap after GC invocations=14 (full 0):
 garbage-first heap   total 71680K, used 32772K [0x00000000e0000000, 0x0000000100000000)
  region size 1024K, 3 young (3072K), 3 survivors (3072K)
 Metaspace       used 50819K, committed 51264K, reserved 1097728K
  class space    used 6868K, committed 7040K, reserved 1048576K
}
Event: 14.876 GC heap before
{Heap before GC invocations=14 (full 0):
 garbage-first heap   total 71680K, used 55300K [0x00000000e0000000, 0x0000000100000000)
  region size 1024K, 26 young (26624K), 3 survivors (3072K)
 Metaspace       used 56299K, committed 56704K, reserved 1105920K
  class space    used 7602K, committed 7808K, reserved 1048576K
}
Event: 14.882 GC heap after
{Heap after GC invocations=15 (full 0):
 garbage-first heap   total 71680K, used 33577K [0x00000000e0000000, 0x0000000100000000)
  region size 1024K, 3 young (3072K), 3 survivors (3072K)
 Metaspace       used 56299K, committed 56704K, reserved 1105920K
  class space    used 7602K, committed 7808K, reserved 1048576K
}
Event: 16.224 GC heap before
{Heap before GC invocations=15 (full 0):
 garbage-first heap   total 71680K, used 55081K [0x00000000e0000000, 0x0000000100000000)
  region size 1024K, 26 young (26624K), 3 survivors (3072K)
 Metaspace       used 59908K, committed 60416K, reserved 1105920K
  class space    used 8066K, committed 8320K, reserved 1048576K
}
Event: 16.230 GC heap after
{Heap after GC invocations=16 (full 0):
 garbage-first heap   total 71680K, used 34505K [0x00000000e0000000, 0x0000000100000000)
  region size 1024K, 3 young (3072K), 3 survivors (3072K)
 Metaspace       used 59908K, committed 60416K, reserved 1105920K
  class space    used 8066K, committed 8320K, reserved 1048576K
}
Event: 17.627 GC heap before
{Heap before GC invocations=17 (full 0):
 garbage-first heap   total 71680K, used 57033K [0x00000000e0000000, 0x0000000100000000)
  region size 1024K, 26 young (26624K), 3 survivors (3072K)
 Metaspace       used 65122K, committed 65664K, reserved 1105920K
  class space    used 9001K, committed 9280K, reserved 1048576K
}
Event: 17.636 GC heap after
{Heap after GC invocations=18 (full 0):
 garbage-first heap   total 71680K, used 35336K [0x00000000e0000000, 0x0000000100000000)
  region size 1024K, 3 young (3072K), 3 survivors (3072K)
 Metaspace       used 65122K, committed 65664K, reserved 1105920K
  class space    used 9001K, committed 9280K, reserved 1048576K
}
Event: 18.821 GC heap before
{Heap before GC invocations=18 (full 0):
 garbage-first heap   total 71680K, used 57864K [0x00000000e0000000, 0x0000000100000000)
  region size 1024K, 26 young (26624K), 3 survivors (3072K)
 Metaspace       used 67939K, committed 68480K, reserved 1114112K
  class space    used 9416K, committed 9664K, reserved 1048576K
}
Event: 18.826 GC heap after
{Heap after GC invocations=19 (full 0):
 garbage-first heap   total 71680K, used 36118K [0x00000000e0000000, 0x0000000100000000)
  region size 1024K, 3 young (3072K), 3 survivors (3072K)
 Metaspace       used 67939K, committed 68480K, reserved 1114112K
  class space    used 9416K, committed 9664K, reserved 1048576K
}
Event: 19.685 GC heap before
{Heap before GC invocations=20 (full 0):
 garbage-first heap   total 71680K, used 58646K [0x00000000e0000000, 0x0000000100000000)
  region size 1024K, 25 young (25600K), 3 survivors (3072K)
 Metaspace       used 69213K, committed 69760K, reserved 1114112K
  class space    used 9560K, committed 9856K, reserved 1048576K
}
Event: 19.694 GC heap after
{Heap after GC invocations=21 (full 0):
 garbage-first heap   total 71680K, used 37349K [0x00000000e0000000, 0x0000000100000000)
  region size 1024K, 3 young (3072K), 3 survivors (3072K)
 Metaspace       used 69213K, committed 69760K, reserved 1114112K
  class space    used 9560K, committed 9856K, reserved 1048576K
}

